2019-05-17 10:29:24,575 INFO org.springframework.boot.StartupInfoLogger [restartedMain] Starting ExerciseoneApplication on LIM-6RVTHM2 with PID 11692 (C:\Users\dgonzace\git\pruebaseveris\familydemo\target\classes started by dgonzace in C:\Users\dgonzace\git\pruebaseveris\familydemo)
2019-05-17 10:29:24,584 DEBUG org.springframework.boot.StartupInfoLogger [restartedMain] Running with Spring Boot v2.1.4.RELEASE, Spring v5.1.6.RELEASE
2019-05-17 10:29:24,586 INFO org.springframework.boot.SpringApplication [restartedMain] No active profile set, falling back to default profiles: default
2019-05-17 10:29:34,297 INFO org.springframework.boot.StartupInfoLogger [restartedMain] Started ExerciseoneApplication in 10.244 seconds (JVM running for 11.24)
2019-05-17 10:58:52,812 INFO org.springframework.boot.StartupInfoLogger [restartedMain] Starting ExerciseoneApplication on LIM-6RVTHM2 with PID 11692 (C:\Users\dgonzace\git\pruebaseveris\familydemo\target\classes started by dgonzace in C:\Users\dgonzace\git\pruebaseveris\familydemo)
2019-05-17 10:58:52,813 DEBUG org.springframework.boot.StartupInfoLogger [restartedMain] Running with Spring Boot v2.1.4.RELEASE, Spring v5.1.6.RELEASE
2019-05-17 10:58:52,813 INFO org.springframework.boot.SpringApplication [restartedMain] No active profile set, falling back to default profiles: default
2019-05-17 10:58:56,215 INFO org.springframework.boot.StartupInfoLogger [restartedMain] Started ExerciseoneApplication in 3.462 seconds (JVM running for 1773.147)
2019-05-17 11:00:41,903 INFO org.springframework.boot.StartupInfoLogger [restartedMain] Starting ExerciseoneApplication on LIM-6RVTHM2 with PID 12724 (C:\Users\dgonzace\git\pruebaseveris\familydemo\target\classes started by dgonzace in C:\Users\dgonzace\git\pruebaseveris\familydemo)
2019-05-17 11:00:41,906 DEBUG org.springframework.boot.StartupInfoLogger [restartedMain] Running with Spring Boot v2.1.4.RELEASE, Spring v5.1.6.RELEASE
2019-05-17 11:00:41,908 INFO org.springframework.boot.SpringApplication [restartedMain] No active profile set, falling back to default profiles: default
2019-05-17 11:00:52,182 INFO org.springframework.boot.StartupInfoLogger [restartedMain] Started ExerciseoneApplication in 10.737 seconds (JVM running for 12.026)
2019-05-17 11:26:35,211 INFO org.springframework.boot.StartupInfoLogger [restartedMain] Starting ExerciseoneApplication on LIM-6RVTHM2 with PID 12724 (C:\Users\dgonzace\git\pruebaseveris\familydemo\target\classes started by dgonzace in C:\Users\dgonzace\git\pruebaseveris\familydemo)
2019-05-17 11:26:35,212 DEBUG org.springframework.boot.StartupInfoLogger [restartedMain] Running with Spring Boot v2.1.4.RELEASE, Spring v5.1.6.RELEASE
2019-05-17 11:26:35,213 INFO org.springframework.boot.SpringApplication [restartedMain] No active profile set, falling back to default profiles: default
2019-05-17 11:26:37,766 INFO org.springframework.boot.StartupInfoLogger [restartedMain] Started ExerciseoneApplication in 2.614 seconds (JVM running for 1557.589)
2019-05-17 11:29:58,065 INFO org.springframework.boot.StartupInfoLogger [restartedMain] Starting ExerciseoneApplication on LIM-6RVTHM2 with PID 12724 (C:\Users\dgonzace\git\pruebaseveris\familydemo\target\classes started by dgonzace in C:\Users\dgonzace\git\pruebaseveris\familydemo)
2019-05-17 11:29:58,066 DEBUG org.springframework.boot.StartupInfoLogger [restartedMain] Running with Spring Boot v2.1.4.RELEASE, Spring v5.1.6.RELEASE
2019-05-17 11:29:58,067 INFO org.springframework.boot.SpringApplication [restartedMain] No active profile set, falling back to default profiles: default
2019-05-17 11:30:00,961 INFO org.springframework.boot.StartupInfoLogger [restartedMain] Started ExerciseoneApplication in 2.945 seconds (JVM running for 1760.783)
2019-05-17 11:30:23,508 INFO org.springframework.boot.StartupInfoLogger [restartedMain] Starting ExerciseoneApplication on LIM-6RVTHM2 with PID 12724 (C:\Users\dgonzace\git\pruebaseveris\familydemo\target\classes started by dgonzace in C:\Users\dgonzace\git\pruebaseveris\familydemo)
2019-05-17 11:30:23,508 DEBUG org.springframework.boot.StartupInfoLogger [restartedMain] Running with Spring Boot v2.1.4.RELEASE, Spring v5.1.6.RELEASE
2019-05-17 11:30:23,509 INFO org.springframework.boot.SpringApplication [restartedMain] No active profile set, falling back to default profiles: default
2019-05-17 11:30:25,643 INFO org.springframework.boot.StartupInfoLogger [restartedMain] Started ExerciseoneApplication in 2.171 seconds (JVM running for 1785.464)
2019-05-17 11:37:01,217 INFO org.springframework.boot.StartupInfoLogger [restartedMain] Starting ExerciseoneApplication on LIM-6RVTHM2 with PID 12724 (C:\Users\dgonzace\git\pruebaseveris\familydemo\target\classes started by dgonzace in C:\Users\dgonzace\git\pruebaseveris\familydemo)
2019-05-17 11:37:01,217 DEBUG org.springframework.boot.StartupInfoLogger [restartedMain] Running with Spring Boot v2.1.4.RELEASE, Spring v5.1.6.RELEASE
2019-05-17 11:37:01,218 INFO org.springframework.boot.SpringApplication [restartedMain] No active profile set, falling back to default profiles: default
2019-05-17 11:37:03,521 INFO org.springframework.boot.StartupInfoLogger [restartedMain] Started ExerciseoneApplication in 2.34 seconds (JVM running for 2183.343)
2019-05-17 12:31:32,532 INFO org.springframework.boot.StartupInfoLogger [restartedMain] Starting ExerciseoneApplication on LIM-6RVTHM2 with PID 12724 (C:\Users\dgonzace\git\pruebaseveris\familydemo\target\classes started by dgonzace in C:\Users\dgonzace\git\pruebaseveris\familydemo)
2019-05-17 12:31:32,532 DEBUG org.springframework.boot.StartupInfoLogger [restartedMain] Running with Spring Boot v2.1.4.RELEASE, Spring v5.1.6.RELEASE
2019-05-17 12:31:32,533 INFO org.springframework.boot.SpringApplication [restartedMain] No active profile set, falling back to default profiles: default
2019-05-17 12:31:35,181 INFO org.springframework.boot.StartupInfoLogger [restartedMain] Started ExerciseoneApplication in 2.723 seconds (JVM running for 5454.973)
2019-05-17 12:31:58,503 INFO org.springframework.boot.StartupInfoLogger [restartedMain] Starting ExerciseoneApplication on LIM-6RVTHM2 with PID 12724 (C:\Users\dgonzace\git\pruebaseveris\familydemo\target\classes started by dgonzace in C:\Users\dgonzace\git\pruebaseveris\familydemo)
2019-05-17 12:31:58,503 DEBUG org.springframework.boot.StartupInfoLogger [restartedMain] Running with Spring Boot v2.1.4.RELEASE, Spring v5.1.6.RELEASE
2019-05-17 12:31:58,503 INFO org.springframework.boot.SpringApplication [restartedMain] No active profile set, falling back to default profiles: default
2019-05-17 12:32:00,614 INFO org.springframework.boot.StartupInfoLogger [restartedMain] Started ExerciseoneApplication in 2.146 seconds (JVM running for 5480.405)
2019-05-17 12:37:17,532 INFO org.springframework.boot.StartupInfoLogger [restartedMain] Starting ExerciseoneApplication on LIM-6RVTHM2 with PID 12724 (C:\Users\dgonzace\git\pruebaseveris\familydemo\target\classes started by dgonzace in C:\Users\dgonzace\git\pruebaseveris\familydemo)
2019-05-17 12:37:17,532 DEBUG org.springframework.boot.StartupInfoLogger [restartedMain] Running with Spring Boot v2.1.4.RELEASE, Spring v5.1.6.RELEASE
2019-05-17 12:37:17,532 INFO org.springframework.boot.SpringApplication [restartedMain] No active profile set, falling back to default profiles: default
2019-05-17 12:37:20,136 INFO org.springframework.boot.StartupInfoLogger [restartedMain] Started ExerciseoneApplication in 2.656 seconds (JVM running for 5799.927)
2019-05-17 12:39:52,340 INFO org.springframework.boot.StartupInfoLogger [restartedMain] Starting ExerciseoneApplication on LIM-6RVTHM2 with PID 12724 (C:\Users\dgonzace\git\pruebaseveris\familydemo\target\classes started by dgonzace in C:\Users\dgonzace\git\pruebaseveris\familydemo)
2019-05-17 12:39:52,340 DEBUG org.springframework.boot.StartupInfoLogger [restartedMain] Running with Spring Boot v2.1.4.RELEASE, Spring v5.1.6.RELEASE
2019-05-17 12:39:52,340 INFO org.springframework.boot.SpringApplication [restartedMain] No active profile set, falling back to default profiles: default
2019-05-17 12:39:54,450 INFO org.springframework.boot.StartupInfoLogger [restartedMain] Started ExerciseoneApplication in 2.142 seconds (JVM running for 5954.241)
2019-05-17 12:41:30,338 INFO org.springframework.boot.StartupInfoLogger [restartedMain] Starting ExerciseoneApplication on LIM-6RVTHM2 with PID 12724 (C:\Users\dgonzace\git\pruebaseveris\familydemo\target\classes started by dgonzace in C:\Users\dgonzace\git\pruebaseveris\familydemo)
2019-05-17 12:41:30,338 DEBUG org.springframework.boot.StartupInfoLogger [restartedMain] Running with Spring Boot v2.1.4.RELEASE, Spring v5.1.6.RELEASE
2019-05-17 12:41:30,338 INFO org.springframework.boot.SpringApplication [restartedMain] No active profile set, falling back to default profiles: default
2019-05-17 12:41:32,386 INFO org.springframework.boot.StartupInfoLogger [restartedMain] Started ExerciseoneApplication in 2.084 seconds (JVM running for 6052.178)
2019-05-17 12:41:39,362 INFO org.springframework.boot.StartupInfoLogger [restartedMain] Starting ExerciseoneApplication on LIM-6RVTHM2 with PID 12724 (C:\Users\dgonzace\git\pruebaseveris\familydemo\target\classes started by dgonzace in C:\Users\dgonzace\git\pruebaseveris\familydemo)
2019-05-17 12:41:39,362 DEBUG org.springframework.boot.StartupInfoLogger [restartedMain] Running with Spring Boot v2.1.4.RELEASE, Spring v5.1.6.RELEASE
2019-05-17 12:41:39,363 INFO org.springframework.boot.SpringApplication [restartedMain] No active profile set, falling back to default profiles: default
2019-05-17 12:41:41,334 INFO org.springframework.boot.StartupInfoLogger [restartedMain] Started ExerciseoneApplication in 2.005 seconds (JVM running for 6061.126)
2019-05-17 12:41:49,426 INFO org.springframework.boot.StartupInfoLogger [restartedMain] Starting ExerciseoneApplication on LIM-6RVTHM2 with PID 12724 (C:\Users\dgonzace\git\pruebaseveris\familydemo\target\classes started by dgonzace in C:\Users\dgonzace\git\pruebaseveris\familydemo)
2019-05-17 12:41:49,427 DEBUG org.springframework.boot.StartupInfoLogger [restartedMain] Running with Spring Boot v2.1.4.RELEASE, Spring v5.1.6.RELEASE
2019-05-17 12:41:49,427 INFO org.springframework.boot.SpringApplication [restartedMain] No active profile set, falling back to default profiles: default
2019-05-17 12:41:51,575 INFO org.springframework.boot.StartupInfoLogger [restartedMain] Started ExerciseoneApplication in 2.187 seconds (JVM running for 6071.366)
2019-05-17 12:45:28,019 INFO org.springframework.boot.StartupInfoLogger [restartedMain] Starting ExerciseoneApplication on LIM-6RVTHM2 with PID 12724 (C:\Users\dgonzace\git\pruebaseveris\familydemo\target\classes started by dgonzace in C:\Users\dgonzace\git\pruebaseveris\familydemo)
2019-05-17 12:45:28,020 DEBUG org.springframework.boot.StartupInfoLogger [restartedMain] Running with Spring Boot v2.1.4.RELEASE, Spring v5.1.6.RELEASE
2019-05-17 12:45:28,020 INFO org.springframework.boot.SpringApplication [restartedMain] No active profile set, falling back to default profiles: default
2019-05-17 12:45:30,012 INFO org.springframework.boot.StartupInfoLogger [restartedMain] Started ExerciseoneApplication in 2.024 seconds (JVM running for 6289.804)
2019-05-17 12:45:34,342 INFO org.springframework.boot.StartupInfoLogger [restartedMain] Starting ExerciseoneApplication on LIM-6RVTHM2 with PID 12724 (C:\Users\dgonzace\git\pruebaseveris\familydemo\target\classes started by dgonzace in C:\Users\dgonzace\git\pruebaseveris\familydemo)
2019-05-17 12:45:34,342 DEBUG org.springframework.boot.StartupInfoLogger [restartedMain] Running with Spring Boot v2.1.4.RELEASE, Spring v5.1.6.RELEASE
2019-05-17 12:45:34,343 INFO org.springframework.boot.SpringApplication [restartedMain] No active profile set, falling back to default profiles: default
2019-05-17 12:45:36,636 INFO org.springframework.boot.StartupInfoLogger [restartedMain] Started ExerciseoneApplication in 2.328 seconds (JVM running for 6296.427)
2019-05-17 12:46:03,032 INFO org.springframework.boot.StartupInfoLogger [restartedMain] Starting ExerciseoneApplication on LIM-6RVTHM2 with PID 12724 (C:\Users\dgonzace\git\pruebaseveris\familydemo\target\classes started by dgonzace in C:\Users\dgonzace\git\pruebaseveris\familydemo)
2019-05-17 12:46:03,032 DEBUG org.springframework.boot.StartupInfoLogger [restartedMain] Running with Spring Boot v2.1.4.RELEASE, Spring v5.1.6.RELEASE
2019-05-17 12:46:03,032 INFO org.springframework.boot.SpringApplication [restartedMain] No active profile set, falling back to default profiles: default
2019-05-17 12:46:05,090 INFO org.springframework.boot.StartupInfoLogger [restartedMain] Started ExerciseoneApplication in 2.089 seconds (JVM running for 6324.881)
2019-05-17 13:02:12,164 INFO org.springframework.boot.StartupInfoLogger [restartedMain] Starting ExerciseoneApplication on LIM-6RVTHM2 with PID 12724 (C:\Users\dgonzace\git\pruebaseveris\familydemo\target\classes started by dgonzace in C:\Users\dgonzace\git\pruebaseveris\familydemo)
2019-05-17 13:02:12,164 DEBUG org.springframework.boot.StartupInfoLogger [restartedMain] Running with Spring Boot v2.1.4.RELEASE, Spring v5.1.6.RELEASE
2019-05-17 13:02:12,165 INFO org.springframework.boot.SpringApplication [restartedMain] No active profile set, falling back to default profiles: default
2019-05-17 13:02:14,188 INFO org.springframework.boot.StartupInfoLogger [restartedMain] Started ExerciseoneApplication in 2.064 seconds (JVM running for 7293.965)
2019-05-17 13:02:24,398 INFO org.springframework.boot.StartupInfoLogger [restartedMain] Starting ExerciseoneApplication on LIM-6RVTHM2 with PID 12724 (C:\Users\dgonzace\git\pruebaseveris\familydemo\target\classes started by dgonzace in C:\Users\dgonzace\git\pruebaseveris\familydemo)
2019-05-17 13:02:24,399 DEBUG org.springframework.boot.StartupInfoLogger [restartedMain] Running with Spring Boot v2.1.4.RELEASE, Spring v5.1.6.RELEASE
2019-05-17 13:02:24,399 INFO org.springframework.boot.SpringApplication [restartedMain] No active profile set, falling back to default profiles: default
2019-05-17 13:02:26,758 INFO org.springframework.boot.StartupInfoLogger [restartedMain] Started ExerciseoneApplication in 2.391 seconds (JVM running for 7306.536)
2019-05-17 13:02:51,169 INFO org.springframework.boot.StartupInfoLogger [restartedMain] Starting ExerciseoneApplication on LIM-6RVTHM2 with PID 12724 (C:\Users\dgonzace\git\pruebaseveris\familydemo\target\classes started by dgonzace in C:\Users\dgonzace\git\pruebaseveris\familydemo)
2019-05-17 13:02:51,169 DEBUG org.springframework.boot.StartupInfoLogger [restartedMain] Running with Spring Boot v2.1.4.RELEASE, Spring v5.1.6.RELEASE
2019-05-17 13:02:51,169 INFO org.springframework.boot.SpringApplication [restartedMain] No active profile set, falling back to default profiles: default
2019-05-17 13:02:53,309 INFO org.springframework.boot.StartupInfoLogger [restartedMain] Started ExerciseoneApplication in 2.2 seconds (JVM running for 7333.086)
2019-05-17 13:03:17,701 INFO org.springframework.boot.StartupInfoLogger [restartedMain] Starting ExerciseoneApplication on LIM-6RVTHM2 with PID 12724 (C:\Users\dgonzace\git\pruebaseveris\familydemo\target\classes started by dgonzace in C:\Users\dgonzace\git\pruebaseveris\familydemo)
2019-05-17 13:03:17,701 DEBUG org.springframework.boot.StartupInfoLogger [restartedMain] Running with Spring Boot v2.1.4.RELEASE, Spring v5.1.6.RELEASE
2019-05-17 13:03:17,702 INFO org.springframework.boot.SpringApplication [restartedMain] No active profile set, falling back to default profiles: default
2019-05-17 13:03:20,182 INFO org.springframework.boot.StartupInfoLogger [restartedMain] Started ExerciseoneApplication in 2.524 seconds (JVM running for 7359.96)
2019-05-17 13:03:30,246 INFO org.springframework.boot.StartupInfoLogger [restartedMain] Starting ExerciseoneApplication on LIM-6RVTHM2 with PID 12724 (C:\Users\dgonzace\git\pruebaseveris\familydemo\target\classes started by dgonzace in C:\Users\dgonzace\git\pruebaseveris\familydemo)
2019-05-17 13:03:30,247 DEBUG org.springframework.boot.StartupInfoLogger [restartedMain] Running with Spring Boot v2.1.4.RELEASE, Spring v5.1.6.RELEASE
2019-05-17 13:03:30,247 INFO org.springframework.boot.SpringApplication [restartedMain] No active profile set, falling back to default profiles: default
2019-05-17 13:03:32,316 INFO org.springframework.boot.StartupInfoLogger [restartedMain] Started ExerciseoneApplication in 2.098 seconds (JVM running for 7372.093)
2019-05-17 13:03:38,297 INFO org.springframework.boot.StartupInfoLogger [restartedMain] Starting ExerciseoneApplication on LIM-6RVTHM2 with PID 12724 (C:\Users\dgonzace\git\pruebaseveris\familydemo\target\classes started by dgonzace in C:\Users\dgonzace\git\pruebaseveris\familydemo)
2019-05-17 13:03:38,297 DEBUG org.springframework.boot.StartupInfoLogger [restartedMain] Running with Spring Boot v2.1.4.RELEASE, Spring v5.1.6.RELEASE
2019-05-17 13:03:38,298 INFO org.springframework.boot.SpringApplication [restartedMain] No active profile set, falling back to default profiles: default
2019-05-17 13:03:40,388 INFO org.springframework.boot.StartupInfoLogger [restartedMain] Started ExerciseoneApplication in 2.125 seconds (JVM running for 7380.164)
2019-05-17 13:03:48,387 INFO org.springframework.boot.StartupInfoLogger [restartedMain] Starting ExerciseoneApplication on LIM-6RVTHM2 with PID 12724 (C:\Users\dgonzace\git\pruebaseveris\familydemo\target\classes started by dgonzace in C:\Users\dgonzace\git\pruebaseveris\familydemo)
2019-05-17 13:03:48,388 DEBUG org.springframework.boot.StartupInfoLogger [restartedMain] Running with Spring Boot v2.1.4.RELEASE, Spring v5.1.6.RELEASE
2019-05-17 13:03:48,388 INFO org.springframework.boot.SpringApplication [restartedMain] No active profile set, falling back to default profiles: default
2019-05-17 13:03:50,397 INFO org.springframework.boot.StartupInfoLogger [restartedMain] Started ExerciseoneApplication in 2.043 seconds (JVM running for 7390.174)
2019-05-17 13:04:08,752 INFO org.springframework.boot.StartupInfoLogger [restartedMain] Starting ExerciseoneApplication on LIM-6RVTHM2 with PID 12724 (C:\Users\dgonzace\git\pruebaseveris\familydemo\target\classes started by dgonzace in C:\Users\dgonzace\git\pruebaseveris\familydemo)
2019-05-17 13:04:08,752 DEBUG org.springframework.boot.StartupInfoLogger [restartedMain] Running with Spring Boot v2.1.4.RELEASE, Spring v5.1.6.RELEASE
2019-05-17 13:04:08,752 INFO org.springframework.boot.SpringApplication [restartedMain] No active profile set, falling back to default profiles: default
2019-05-17 13:04:11,287 INFO org.springframework.boot.StartupInfoLogger [restartedMain] Started ExerciseoneApplication in 2.566 seconds (JVM running for 7411.064)
2019-05-17 13:04:21,304 INFO org.springframework.boot.StartupInfoLogger [restartedMain] Starting ExerciseoneApplication on LIM-6RVTHM2 with PID 12724 (C:\Users\dgonzace\git\pruebaseveris\familydemo\target\classes started by dgonzace in C:\Users\dgonzace\git\pruebaseveris\familydemo)
2019-05-17 13:04:21,304 DEBUG org.springframework.boot.StartupInfoLogger [restartedMain] Running with Spring Boot v2.1.4.RELEASE, Spring v5.1.6.RELEASE
2019-05-17 13:04:21,305 INFO org.springframework.boot.SpringApplication [restartedMain] No active profile set, falling back to default profiles: default
2019-05-17 13:04:23,478 INFO org.springframework.boot.StartupInfoLogger [restartedMain] Started ExerciseoneApplication in 2.229 seconds (JVM running for 7423.254)
2019-05-17 13:04:29,484 INFO org.springframework.boot.StartupInfoLogger [restartedMain] Starting ExerciseoneApplication on LIM-6RVTHM2 with PID 12724 (C:\Users\dgonzace\git\pruebaseveris\familydemo\target\classes started by dgonzace in C:\Users\dgonzace\git\pruebaseveris\familydemo)
2019-05-17 13:04:29,484 DEBUG org.springframework.boot.StartupInfoLogger [restartedMain] Running with Spring Boot v2.1.4.RELEASE, Spring v5.1.6.RELEASE
2019-05-17 13:04:29,485 INFO org.springframework.boot.SpringApplication [restartedMain] No active profile set, falling back to default profiles: default
2019-05-17 13:04:31,587 INFO org.springframework.boot.StartupInfoLogger [restartedMain] Started ExerciseoneApplication in 2.132 seconds (JVM running for 7431.364)
2019-05-17 13:04:40,657 INFO org.springframework.boot.StartupInfoLogger [restartedMain] Starting ExerciseoneApplication on LIM-6RVTHM2 with PID 12724 (C:\Users\dgonzace\git\pruebaseveris\familydemo\target\classes started by dgonzace in C:\Users\dgonzace\git\pruebaseveris\familydemo)
2019-05-17 13:04:40,658 DEBUG org.springframework.boot.StartupInfoLogger [restartedMain] Running with Spring Boot v2.1.4.RELEASE, Spring v5.1.6.RELEASE
2019-05-17 13:04:40,658 INFO org.springframework.boot.SpringApplication [restartedMain] No active profile set, falling back to default profiles: default
2019-05-17 13:04:43,476 INFO org.springframework.boot.StartupInfoLogger [restartedMain] Started ExerciseoneApplication in 2.849 seconds (JVM running for 7443.253)
2019-05-17 13:04:49,396 INFO org.springframework.boot.StartupInfoLogger [restartedMain] Starting ExerciseoneApplication on LIM-6RVTHM2 with PID 12724 (C:\Users\dgonzace\git\pruebaseveris\familydemo\target\classes started by dgonzace in C:\Users\dgonzace\git\pruebaseveris\familydemo)
2019-05-17 13:04:49,396 DEBUG org.springframework.boot.StartupInfoLogger [restartedMain] Running with Spring Boot v2.1.4.RELEASE, Spring v5.1.6.RELEASE
2019-05-17 13:04:49,396 INFO org.springframework.boot.SpringApplication [restartedMain] No active profile set, falling back to default profiles: default
2019-05-17 13:04:51,329 INFO org.springframework.boot.StartupInfoLogger [restartedMain] Started ExerciseoneApplication in 1.961 seconds (JVM running for 7451.106)
2019-05-17 13:05:00,450 INFO org.springframework.boot.StartupInfoLogger [restartedMain] Starting ExerciseoneApplication on LIM-6RVTHM2 with PID 12724 (C:\Users\dgonzace\git\pruebaseveris\familydemo\target\classes started by dgonzace in C:\Users\dgonzace\git\pruebaseveris\familydemo)
2019-05-17 13:05:00,451 DEBUG org.springframework.boot.StartupInfoLogger [restartedMain] Running with Spring Boot v2.1.4.RELEASE, Spring v5.1.6.RELEASE
2019-05-17 13:05:00,451 INFO org.springframework.boot.SpringApplication [restartedMain] No active profile set, falling back to default profiles: default
2019-05-17 13:05:02,654 INFO org.springframework.boot.StartupInfoLogger [restartedMain] Started ExerciseoneApplication in 2.243 seconds (JVM running for 7462.43)
2019-05-17 13:05:10,877 INFO org.springframework.boot.StartupInfoLogger [restartedMain] Starting ExerciseoneApplication on LIM-6RVTHM2 with PID 12724 (C:\Users\dgonzace\git\pruebaseveris\familydemo\target\classes started by dgonzace in C:\Users\dgonzace\git\pruebaseveris\familydemo)
2019-05-17 13:05:10,877 DEBUG org.springframework.boot.StartupInfoLogger [restartedMain] Running with Spring Boot v2.1.4.RELEASE, Spring v5.1.6.RELEASE
2019-05-17 13:05:10,878 INFO org.springframework.boot.SpringApplication [restartedMain] No active profile set, falling back to default profiles: default
2019-05-17 13:05:13,095 INFO org.springframework.boot.StartupInfoLogger [restartedMain] Started ExerciseoneApplication in 2.261 seconds (JVM running for 7472.871)
2019-05-17 13:05:18,212 INFO org.springframework.boot.StartupInfoLogger [restartedMain] Starting ExerciseoneApplication on LIM-6RVTHM2 with PID 12724 (C:\Users\dgonzace\git\pruebaseveris\familydemo\target\classes started by dgonzace in C:\Users\dgonzace\git\pruebaseveris\familydemo)
2019-05-17 13:05:18,212 DEBUG org.springframework.boot.StartupInfoLogger [restartedMain] Running with Spring Boot v2.1.4.RELEASE, Spring v5.1.6.RELEASE
2019-05-17 13:05:18,213 INFO org.springframework.boot.SpringApplication [restartedMain] No active profile set, falling back to default profiles: default
2019-05-17 13:05:20,450 INFO org.springframework.boot.StartupInfoLogger [restartedMain] Started ExerciseoneApplication in 2.28 seconds (JVM running for 7480.227)
2019-05-17 13:06:14,260 INFO org.springframework.boot.StartupInfoLogger [restartedMain] Starting ExerciseoneApplication on LIM-6RVTHM2 with PID 12724 (C:\Users\dgonzace\git\pruebaseveris\familydemo\target\classes started by dgonzace in C:\Users\dgonzace\git\pruebaseveris\familydemo)
2019-05-17 13:06:14,260 DEBUG org.springframework.boot.StartupInfoLogger [restartedMain] Running with Spring Boot v2.1.4.RELEASE, Spring v5.1.6.RELEASE
2019-05-17 13:06:14,261 INFO org.springframework.boot.SpringApplication [restartedMain] No active profile set, falling back to default profiles: default
2019-05-17 13:06:16,414 INFO org.springframework.boot.StartupInfoLogger [restartedMain] Started ExerciseoneApplication in 2.183 seconds (JVM running for 7536.19)
2019-05-17 13:06:23,435 INFO org.springframework.boot.StartupInfoLogger [restartedMain] Starting ExerciseoneApplication on LIM-6RVTHM2 with PID 12724 (C:\Users\dgonzace\git\pruebaseveris\familydemo\target\classes started by dgonzace in C:\Users\dgonzace\git\pruebaseveris\familydemo)
2019-05-17 13:06:23,435 DEBUG org.springframework.boot.StartupInfoLogger [restartedMain] Running with Spring Boot v2.1.4.RELEASE, Spring v5.1.6.RELEASE
2019-05-17 13:06:23,435 INFO org.springframework.boot.SpringApplication [restartedMain] No active profile set, falling back to default profiles: default
2019-05-17 13:06:26,100 INFO org.springframework.boot.StartupInfoLogger [restartedMain] Started ExerciseoneApplication in 2.697 seconds (JVM running for 7545.876)
2019-05-17 13:07:42,248 INFO org.springframework.boot.StartupInfoLogger [restartedMain] Starting ExerciseoneApplication on LIM-6RVTHM2 with PID 12724 (C:\Users\dgonzace\git\pruebaseveris\familydemo\target\classes started by dgonzace in C:\Users\dgonzace\git\pruebaseveris\familydemo)
2019-05-17 13:07:42,248 DEBUG org.springframework.boot.StartupInfoLogger [restartedMain] Running with Spring Boot v2.1.4.RELEASE, Spring v5.1.6.RELEASE
2019-05-17 13:07:42,248 INFO org.springframework.boot.SpringApplication [restartedMain] No active profile set, falling back to default profiles: default
2019-05-17 13:07:45,085 INFO org.springframework.boot.StartupInfoLogger [restartedMain] Started ExerciseoneApplication in 2.866 seconds (JVM running for 7624.861)
2019-05-17 13:07:51,130 INFO org.springframework.boot.StartupInfoLogger [restartedMain] Starting ExerciseoneApplication on LIM-6RVTHM2 with PID 12724 (C:\Users\dgonzace\git\pruebaseveris\familydemo\target\classes started by dgonzace in C:\Users\dgonzace\git\pruebaseveris\familydemo)
2019-05-17 13:07:51,130 DEBUG org.springframework.boot.StartupInfoLogger [restartedMain] Running with Spring Boot v2.1.4.RELEASE, Spring v5.1.6.RELEASE
2019-05-17 13:07:51,131 INFO org.springframework.boot.SpringApplication [restartedMain] No active profile set, falling back to default profiles: default
2019-05-17 13:07:53,231 INFO org.springframework.boot.StartupInfoLogger [restartedMain] Started ExerciseoneApplication in 2.129 seconds (JVM running for 7633.007)
2019-05-17 13:08:03,189 INFO org.springframework.boot.StartupInfoLogger [restartedMain] Starting ExerciseoneApplication on LIM-6RVTHM2 with PID 12724 (C:\Users\dgonzace\git\pruebaseveris\familydemo\target\classes started by dgonzace in C:\Users\dgonzace\git\pruebaseveris\familydemo)
2019-05-17 13:08:03,189 DEBUG org.springframework.boot.StartupInfoLogger [restartedMain] Running with Spring Boot v2.1.4.RELEASE, Spring v5.1.6.RELEASE
2019-05-17 13:08:03,189 INFO org.springframework.boot.SpringApplication [restartedMain] No active profile set, falling back to default profiles: default
2019-05-17 13:08:05,355 INFO org.springframework.boot.StartupInfoLogger [restartedMain] Started ExerciseoneApplication in 2.194 seconds (JVM running for 7645.13)
2019-05-17 13:14:14,914 INFO org.springframework.boot.StartupInfoLogger [restartedMain] Starting ExerciseoneApplication on LIM-6RVTHM2 with PID 12724 (C:\Users\dgonzace\git\pruebaseveris\familydemo\target\classes started by dgonzace in C:\Users\dgonzace\git\pruebaseveris\familydemo)
2019-05-17 13:14:14,914 DEBUG org.springframework.boot.StartupInfoLogger [restartedMain] Running with Spring Boot v2.1.4.RELEASE, Spring v5.1.6.RELEASE
2019-05-17 13:14:14,915 INFO org.springframework.boot.SpringApplication [restartedMain] No active profile set, falling back to default profiles: default
2019-05-17 13:14:17,032 INFO org.springframework.boot.StartupInfoLogger [restartedMain] Started ExerciseoneApplication in 2.18 seconds (JVM running for 8016.805)
2019-05-17 13:14:48,186 INFO org.springframework.boot.StartupInfoLogger [restartedMain] Starting ExerciseoneApplication on LIM-6RVTHM2 with PID 12724 (C:\Users\dgonzace\git\pruebaseveris\familydemo\target\classes started by dgonzace in C:\Users\dgonzace\git\pruebaseveris\familydemo)
2019-05-17 13:14:48,186 DEBUG org.springframework.boot.StartupInfoLogger [restartedMain] Running with Spring Boot v2.1.4.RELEASE, Spring v5.1.6.RELEASE
2019-05-17 13:14:48,187 INFO org.springframework.boot.SpringApplication [restartedMain] No active profile set, falling back to default profiles: default
2019-05-17 13:14:50,424 INFO org.springframework.boot.StartupInfoLogger [restartedMain] Started ExerciseoneApplication in 2.271 seconds (JVM running for 8050.198)
2019-05-17 13:15:37,896 INFO org.springframework.boot.StartupInfoLogger [restartedMain] Starting ExerciseoneApplication on LIM-6RVTHM2 with PID 12724 (C:\Users\dgonzace\git\pruebaseveris\familydemo\target\classes started by dgonzace in C:\Users\dgonzace\git\pruebaseveris\familydemo)
2019-05-17 13:15:37,896 DEBUG org.springframework.boot.StartupInfoLogger [restartedMain] Running with Spring Boot v2.1.4.RELEASE, Spring v5.1.6.RELEASE
2019-05-17 13:15:37,897 INFO org.springframework.boot.SpringApplication [restartedMain] No active profile set, falling back to default profiles: default
2019-05-17 13:15:40,830 INFO org.springframework.boot.StartupInfoLogger [restartedMain] Started ExerciseoneApplication in 2.978 seconds (JVM running for 8100.604)
2019-05-17 13:17:02,352 INFO org.springframework.boot.StartupInfoLogger [restartedMain] Starting ExerciseoneApplication on LIM-6RVTHM2 with PID 12724 (C:\Users\dgonzace\git\pruebaseveris\familydemo\target\classes started by dgonzace in C:\Users\dgonzace\git\pruebaseveris\familydemo)
2019-05-17 13:17:02,353 DEBUG org.springframework.boot.StartupInfoLogger [restartedMain] Running with Spring Boot v2.1.4.RELEASE, Spring v5.1.6.RELEASE
2019-05-17 13:17:02,353 INFO org.springframework.boot.SpringApplication [restartedMain] No active profile set, falling back to default profiles: default
2019-05-17 13:17:04,502 INFO org.springframework.boot.StartupInfoLogger [restartedMain] Started ExerciseoneApplication in 2.183 seconds (JVM running for 8184.275)
2019-05-17 13:17:25,885 INFO org.springframework.boot.StartupInfoLogger [restartedMain] Starting ExerciseoneApplication on LIM-6RVTHM2 with PID 12724 (C:\Users\dgonzace\git\pruebaseveris\familydemo\target\classes started by dgonzace in C:\Users\dgonzace\git\pruebaseveris\familydemo)
2019-05-17 13:17:25,885 DEBUG org.springframework.boot.StartupInfoLogger [restartedMain] Running with Spring Boot v2.1.4.RELEASE, Spring v5.1.6.RELEASE
2019-05-17 13:17:25,886 INFO org.springframework.boot.SpringApplication [restartedMain] No active profile set, falling back to default profiles: default
2019-05-17 13:18:09,466 INFO org.springframework.boot.StartupInfoLogger [restartedMain] Starting ExerciseoneApplication on LIM-6RVTHM2 with PID 12724 (C:\Users\dgonzace\git\pruebaseveris\familydemo\target\classes started by dgonzace in C:\Users\dgonzace\git\pruebaseveris\familydemo)
2019-05-17 13:18:09,466 DEBUG org.springframework.boot.StartupInfoLogger [restartedMain] Running with Spring Boot v2.1.4.RELEASE, Spring v5.1.6.RELEASE
2019-05-17 13:18:09,466 INFO org.springframework.boot.SpringApplication [restartedMain] No active profile set, falling back to default profiles: default
2019-05-17 13:18:12,043 INFO org.springframework.boot.StartupInfoLogger [restartedMain] Started ExerciseoneApplication in 2.625 seconds (JVM running for 8251.816)
2019-05-17 13:18:38,576 INFO org.springframework.boot.StartupInfoLogger [restartedMain] Starting ExerciseoneApplication on LIM-6RVTHM2 with PID 12724 (C:\Users\dgonzace\git\pruebaseveris\familydemo\target\classes started by dgonzace in C:\Users\dgonzace\git\pruebaseveris\familydemo)
2019-05-17 13:18:38,577 DEBUG org.springframework.boot.StartupInfoLogger [restartedMain] Running with Spring Boot v2.1.4.RELEASE, Spring v5.1.6.RELEASE
2019-05-17 13:18:38,577 INFO org.springframework.boot.SpringApplication [restartedMain] No active profile set, falling back to default profiles: default
2019-05-17 13:18:42,543 INFO org.springframework.boot.StartupInfoLogger [restartedMain] Started ExerciseoneApplication in 3.998 seconds (JVM running for 8282.316)
2019-05-17 13:18:44,426 INFO org.springframework.boot.StartupInfoLogger [restartedMain] Starting ExerciseoneApplication on LIM-6RVTHM2 with PID 12724 (C:\Users\dgonzace\git\pruebaseveris\familydemo\target\classes started by dgonzace in C:\Users\dgonzace\git\pruebaseveris\familydemo)
2019-05-17 13:18:44,426 DEBUG org.springframework.boot.StartupInfoLogger [restartedMain] Running with Spring Boot v2.1.4.RELEASE, Spring v5.1.6.RELEASE
2019-05-17 13:18:44,427 INFO org.springframework.boot.SpringApplication [restartedMain] No active profile set, falling back to default profiles: default
2019-05-17 13:18:46,967 INFO org.springframework.boot.StartupInfoLogger [restartedMain] Started ExerciseoneApplication in 2.571 seconds (JVM running for 8286.74)
2019-05-17 13:18:52,032 INFO org.springframework.boot.StartupInfoLogger [restartedMain] Starting ExerciseoneApplication on LIM-6RVTHM2 with PID 12724 (C:\Users\dgonzace\git\pruebaseveris\familydemo\target\classes started by dgonzace in C:\Users\dgonzace\git\pruebaseveris\familydemo)
2019-05-17 13:18:52,032 DEBUG org.springframework.boot.StartupInfoLogger [restartedMain] Running with Spring Boot v2.1.4.RELEASE, Spring v5.1.6.RELEASE
2019-05-17 13:18:52,032 INFO org.springframework.boot.SpringApplication [restartedMain] No active profile set, falling back to default profiles: default
2019-05-17 13:18:54,587 INFO org.springframework.boot.StartupInfoLogger [restartedMain] Started ExerciseoneApplication in 2.584 seconds (JVM running for 8294.36)
2019-05-17 13:19:43,484 INFO org.springframework.boot.StartupInfoLogger [restartedMain] Starting ExerciseoneApplication on LIM-6RVTHM2 with PID 12724 (C:\Users\dgonzace\git\pruebaseveris\familydemo\target\classes started by dgonzace in C:\Users\dgonzace\git\pruebaseveris\familydemo)
2019-05-17 13:19:43,484 DEBUG org.springframework.boot.StartupInfoLogger [restartedMain] Running with Spring Boot v2.1.4.RELEASE, Spring v5.1.6.RELEASE
2019-05-17 13:19:43,484 INFO org.springframework.boot.SpringApplication [restartedMain] No active profile set, falling back to default profiles: default
2019-05-17 13:19:46,231 INFO org.springframework.boot.StartupInfoLogger [restartedMain] Started ExerciseoneApplication in 2.775 seconds (JVM running for 8346.003)
2019-05-17 13:27:01,984 INFO org.springframework.boot.StartupInfoLogger [restartedMain] Starting ExerciseoneApplication on LIM-6RVTHM2 with PID 12724 (C:\Users\dgonzace\git\pruebaseveris\familydemo\target\classes started by dgonzace in C:\Users\dgonzace\git\pruebaseveris\familydemo)
2019-05-17 13:27:01,985 DEBUG org.springframework.boot.StartupInfoLogger [restartedMain] Running with Spring Boot v2.1.4.RELEASE, Spring v5.1.6.RELEASE
2019-05-17 13:27:01,985 INFO org.springframework.boot.SpringApplication [restartedMain] No active profile set, falling back to default profiles: default
2019-05-17 13:27:20,650 INFO org.springframework.boot.StartupInfoLogger [restartedMain] Starting ExerciseoneApplication on LIM-6RVTHM2 with PID 12724 (C:\Users\dgonzace\git\pruebaseveris\familydemo\target\classes started by dgonzace in C:\Users\dgonzace\git\pruebaseveris\familydemo)
2019-05-17 13:27:20,650 DEBUG org.springframework.boot.StartupInfoLogger [restartedMain] Running with Spring Boot v2.1.4.RELEASE, Spring v5.1.6.RELEASE
2019-05-17 13:27:20,651 INFO org.springframework.boot.SpringApplication [restartedMain] No active profile set, falling back to default profiles: default
2019-05-17 13:27:43,894 INFO org.springframework.boot.StartupInfoLogger [restartedMain] Starting ExerciseoneApplication on LIM-6RVTHM2 with PID 12724 (C:\Users\dgonzace\git\pruebaseveris\familydemo\target\classes started by dgonzace in C:\Users\dgonzace\git\pruebaseveris\familydemo)
2019-05-17 13:27:43,894 DEBUG org.springframework.boot.StartupInfoLogger [restartedMain] Running with Spring Boot v2.1.4.RELEASE, Spring v5.1.6.RELEASE
2019-05-17 13:27:43,894 INFO org.springframework.boot.SpringApplication [restartedMain] No active profile set, falling back to default profiles: default
2019-05-17 13:31:30,840 INFO org.springframework.boot.StartupInfoLogger [restartedMain] Starting ExerciseoneApplication on LIM-6RVTHM2 with PID 12724 (C:\Users\dgonzace\git\pruebaseveris\familydemo\target\classes started by dgonzace in C:\Users\dgonzace\git\pruebaseveris\familydemo)
2019-05-17 13:31:30,841 DEBUG org.springframework.boot.StartupInfoLogger [restartedMain] Running with Spring Boot v2.1.4.RELEASE, Spring v5.1.6.RELEASE
2019-05-17 13:31:30,841 INFO org.springframework.boot.SpringApplication [restartedMain] No active profile set, falling back to default profiles: default
2019-05-17 13:31:38,997 INFO org.springframework.boot.StartupInfoLogger [restartedMain] Starting ExerciseoneApplication on LIM-6RVTHM2 with PID 12724 (C:\Users\dgonzace\git\pruebaseveris\familydemo\target\classes started by dgonzace in C:\Users\dgonzace\git\pruebaseveris\familydemo)
2019-05-17 13:31:38,997 DEBUG org.springframework.boot.StartupInfoLogger [restartedMain] Running with Spring Boot v2.1.4.RELEASE, Spring v5.1.6.RELEASE
2019-05-17 13:31:38,998 INFO org.springframework.boot.SpringApplication [restartedMain] No active profile set, falling back to default profiles: default
2019-05-17 13:33:09,094 INFO org.springframework.boot.StartupInfoLogger [restartedMain] Starting ExerciseoneApplication on LIM-6RVTHM2 with PID 12724 (C:\Users\dgonzace\git\pruebaseveris\familydemo\target\classes started by dgonzace in C:\Users\dgonzace\git\pruebaseveris\familydemo)
2019-05-17 13:33:09,094 DEBUG org.springframework.boot.StartupInfoLogger [restartedMain] Running with Spring Boot v2.1.4.RELEASE, Spring v5.1.6.RELEASE
2019-05-17 13:33:09,094 INFO org.springframework.boot.SpringApplication [restartedMain] No active profile set, falling back to default profiles: default
2019-05-17 13:33:11,387 INFO org.springframework.boot.StartupInfoLogger [restartedMain] Started ExerciseoneApplication in 2.333 seconds (JVM running for 9151.142)
2019-05-17 13:33:53,294 INFO org.springframework.boot.StartupInfoLogger [restartedMain] Starting ExerciseoneApplication on LIM-6RVTHM2 with PID 12724 (C:\Users\dgonzace\git\pruebaseveris\familydemo\target\classes started by dgonzace in C:\Users\dgonzace\git\pruebaseveris\familydemo)
2019-05-17 13:33:53,294 DEBUG org.springframework.boot.StartupInfoLogger [restartedMain] Running with Spring Boot v2.1.4.RELEASE, Spring v5.1.6.RELEASE
2019-05-17 13:33:53,295 INFO org.springframework.boot.SpringApplication [restartedMain] No active profile set, falling back to default profiles: default
2019-05-17 13:33:55,600 INFO org.springframework.boot.StartupInfoLogger [restartedMain] Started ExerciseoneApplication in 2.34 seconds (JVM running for 9195.355)
2019-05-17 13:38:51,303 INFO org.springframework.boot.StartupInfoLogger [restartedMain] Starting ExerciseoneApplication on LIM-6RVTHM2 with PID 12724 (C:\Users\dgonzace\git\pruebaseveris\familydemo\target\classes started by dgonzace in C:\Users\dgonzace\git\pruebaseveris\familydemo)
2019-05-17 13:38:51,304 DEBUG org.springframework.boot.StartupInfoLogger [restartedMain] Running with Spring Boot v2.1.4.RELEASE, Spring v5.1.6.RELEASE
2019-05-17 13:38:51,304 INFO org.springframework.boot.SpringApplication [restartedMain] No active profile set, falling back to default profiles: default
2019-05-17 13:38:54,405 INFO org.springframework.boot.StartupInfoLogger [restartedMain] Started ExerciseoneApplication in 3.131 seconds (JVM running for 9494.156)
2019-05-17 13:41:09,690 INFO org.springframework.boot.StartupInfoLogger [restartedMain] Starting ExerciseoneApplication on LIM-6RVTHM2 with PID 12724 (C:\Users\dgonzace\git\pruebaseveris\familydemo\target\classes started by dgonzace in C:\Users\dgonzace\git\pruebaseveris\familydemo)
2019-05-17 13:41:09,691 DEBUG org.springframework.boot.StartupInfoLogger [restartedMain] Running with Spring Boot v2.1.4.RELEASE, Spring v5.1.6.RELEASE
2019-05-17 13:41:09,691 INFO org.springframework.boot.SpringApplication [restartedMain] No active profile set, falling back to default profiles: default
2019-05-17 13:41:13,036 INFO org.springframework.boot.StartupInfoLogger [restartedMain] Started ExerciseoneApplication in 3.379 seconds (JVM running for 9632.787)
2019-05-17 13:44:26,153 INFO org.springframework.boot.StartupInfoLogger [restartedMain] Starting ExerciseoneApplication on LIM-6RVTHM2 with PID 12724 (C:\Users\dgonzace\git\pruebaseveris\familydemo\target\classes started by dgonzace in C:\Users\dgonzace\git\pruebaseveris\familydemo)
2019-05-17 13:44:26,153 DEBUG org.springframework.boot.StartupInfoLogger [restartedMain] Running with Spring Boot v2.1.4.RELEASE, Spring v5.1.6.RELEASE
2019-05-17 13:44:26,153 INFO org.springframework.boot.SpringApplication [restartedMain] No active profile set, falling back to default profiles: default
2019-05-17 13:44:28,752 INFO org.springframework.boot.StartupInfoLogger [restartedMain] Started ExerciseoneApplication in 2.628 seconds (JVM running for 9828.5)
