2019-05-16 17:11:31,920 INFO org.springframework.boot.StartupInfoLogger [restartedMain] Starting ExerciseoneApplication on LIM-6RVTHM2 with PID 248 (C:\Users\dgonzace\git\pruebaseveris\familydemo\target\classes started by dgonzace in C:\Users\dgonzace\git\pruebaseveris\familydemo)
2019-05-16 17:11:31,921 DEBUG org.springframework.boot.StartupInfoLogger [restartedMain] Running with Spring Boot v2.1.4.RELEASE, Spring v5.1.6.RELEASE
2019-05-16 17:11:31,921 INFO org.springframework.boot.SpringApplication [restartedMain] No active profile set, falling back to default profiles: default
2019-05-16 17:11:34,999 INFO org.springframework.boot.StartupInfoLogger [restartedMain] Started ExerciseoneApplication in 3.121 seconds (JVM running for 263.258)
2019-05-16 17:31:07,857 INFO org.springframework.boot.StartupInfoLogger [restartedMain] Starting ExerciseoneApplication on LIM-6RVTHM2 with PID 15996 (C:\Users\dgonzace\git\pruebaseveris\familydemo\target\classes started by dgonzace in C:\Users\dgonzace\git\pruebaseveris\familydemo)
2019-05-16 17:31:07,859 DEBUG org.springframework.boot.StartupInfoLogger [restartedMain] Running with Spring Boot v2.1.4.RELEASE, Spring v5.1.6.RELEASE
2019-05-16 17:31:07,860 INFO org.springframework.boot.SpringApplication [restartedMain] No active profile set, falling back to default profiles: default
2019-05-16 17:31:16,494 INFO org.springframework.boot.StartupInfoLogger [restartedMain] Started ExerciseoneApplication in 9.045 seconds (JVM running for 10.279)
2019-05-16 17:40:12,253 INFO org.springframework.boot.StartupInfoLogger [restartedMain] Starting ExerciseoneApplication on LIM-6RVTHM2 with PID 15996 (C:\Users\dgonzace\git\pruebaseveris\familydemo\target\classes started by dgonzace in C:\Users\dgonzace\git\pruebaseveris\familydemo)
2019-05-16 17:40:12,254 DEBUG org.springframework.boot.StartupInfoLogger [restartedMain] Running with Spring Boot v2.1.4.RELEASE, Spring v5.1.6.RELEASE
2019-05-16 17:40:12,254 INFO org.springframework.boot.SpringApplication [restartedMain] No active profile set, falling back to default profiles: default
2019-05-16 17:40:14,769 INFO org.springframework.boot.StartupInfoLogger [restartedMain] Started ExerciseoneApplication in 2.579 seconds (JVM running for 548.553)
2019-05-16 17:40:54,164 INFO org.springframework.boot.StartupInfoLogger [restartedMain] Starting ExerciseoneApplication on LIM-6RVTHM2 with PID 15996 (C:\Users\dgonzace\git\pruebaseveris\familydemo\target\classes started by dgonzace in C:\Users\dgonzace\git\pruebaseveris\familydemo)
2019-05-16 17:40:54,165 DEBUG org.springframework.boot.StartupInfoLogger [restartedMain] Running with Spring Boot v2.1.4.RELEASE, Spring v5.1.6.RELEASE
2019-05-16 17:40:54,165 INFO org.springframework.boot.SpringApplication [restartedMain] No active profile set, falling back to default profiles: default
2019-05-16 17:40:56,517 INFO org.springframework.boot.StartupInfoLogger [restartedMain] Started ExerciseoneApplication in 2.401 seconds (JVM running for 590.301)
2019-05-16 17:41:15,730 INFO org.springframework.boot.StartupInfoLogger [restartedMain] Starting ExerciseoneApplication on LIM-6RVTHM2 with PID 15996 (C:\Users\dgonzace\git\pruebaseveris\familydemo\target\classes started by dgonzace in C:\Users\dgonzace\git\pruebaseveris\familydemo)
2019-05-16 17:41:15,730 DEBUG org.springframework.boot.StartupInfoLogger [restartedMain] Running with Spring Boot v2.1.4.RELEASE, Spring v5.1.6.RELEASE
2019-05-16 17:41:15,731 INFO org.springframework.boot.SpringApplication [restartedMain] No active profile set, falling back to default profiles: default
2019-05-16 17:41:18,017 INFO org.springframework.boot.StartupInfoLogger [restartedMain] Started ExerciseoneApplication in 2.327 seconds (JVM running for 611.801)
2019-05-16 17:42:43,200 INFO org.springframework.boot.StartupInfoLogger [restartedMain] Starting ExerciseoneApplication on LIM-6RVTHM2 with PID 15996 (C:\Users\dgonzace\git\pruebaseveris\familydemo\target\classes started by dgonzace in C:\Users\dgonzace\git\pruebaseveris\familydemo)
2019-05-16 17:42:43,201 DEBUG org.springframework.boot.StartupInfoLogger [restartedMain] Running with Spring Boot v2.1.4.RELEASE, Spring v5.1.6.RELEASE
2019-05-16 17:42:43,201 INFO org.springframework.boot.SpringApplication [restartedMain] No active profile set, falling back to default profiles: default
2019-05-16 17:42:45,370 INFO org.springframework.boot.StartupInfoLogger [restartedMain] Started ExerciseoneApplication in 2.204 seconds (JVM running for 699.153)
2019-05-16 17:42:53,357 INFO org.springframework.boot.StartupInfoLogger [restartedMain] Starting ExerciseoneApplication on LIM-6RVTHM2 with PID 15996 (C:\Users\dgonzace\git\pruebaseveris\familydemo\target\classes started by dgonzace in C:\Users\dgonzace\git\pruebaseveris\familydemo)
2019-05-16 17:42:53,357 DEBUG org.springframework.boot.StartupInfoLogger [restartedMain] Running with Spring Boot v2.1.4.RELEASE, Spring v5.1.6.RELEASE
2019-05-16 17:42:53,358 INFO org.springframework.boot.SpringApplication [restartedMain] No active profile set, falling back to default profiles: default
2019-05-16 17:42:55,583 INFO org.springframework.boot.StartupInfoLogger [restartedMain] Started ExerciseoneApplication in 2.264 seconds (JVM running for 709.367)
2019-05-16 17:43:04,592 INFO org.springframework.boot.StartupInfoLogger [restartedMain] Starting ExerciseoneApplication on LIM-6RVTHM2 with PID 15996 (C:\Users\dgonzace\git\pruebaseveris\familydemo\target\classes started by dgonzace in C:\Users\dgonzace\git\pruebaseveris\familydemo)
2019-05-16 17:43:04,592 DEBUG org.springframework.boot.StartupInfoLogger [restartedMain] Running with Spring Boot v2.1.4.RELEASE, Spring v5.1.6.RELEASE
2019-05-16 17:43:04,592 INFO org.springframework.boot.SpringApplication [restartedMain] No active profile set, falling back to default profiles: default
2019-05-16 17:43:07,410 INFO org.springframework.boot.StartupInfoLogger [restartedMain] Started ExerciseoneApplication in 2.854 seconds (JVM running for 721.193)
2019-05-16 17:43:09,277 INFO org.springframework.boot.StartupInfoLogger [restartedMain] Starting ExerciseoneApplication on LIM-6RVTHM2 with PID 15996 (C:\Users\dgonzace\git\pruebaseveris\familydemo\target\classes started by dgonzace in C:\Users\dgonzace\git\pruebaseveris\familydemo)
2019-05-16 17:43:09,277 DEBUG org.springframework.boot.StartupInfoLogger [restartedMain] Running with Spring Boot v2.1.4.RELEASE, Spring v5.1.6.RELEASE
2019-05-16 17:43:09,278 INFO org.springframework.boot.SpringApplication [restartedMain] No active profile set, falling back to default profiles: default
2019-05-16 17:43:11,578 INFO org.springframework.boot.StartupInfoLogger [restartedMain] Started ExerciseoneApplication in 2.35 seconds (JVM running for 725.361)
2019-05-16 17:58:30,942 INFO org.springframework.boot.StartupInfoLogger [restartedMain] Starting ExerciseoneApplication on LIM-6RVTHM2 with PID 15996 (C:\Users\dgonzace\git\pruebaseveris\familydemo\target\classes started by dgonzace in C:\Users\dgonzace\git\pruebaseveris\familydemo)
2019-05-16 17:58:30,942 DEBUG org.springframework.boot.StartupInfoLogger [restartedMain] Running with Spring Boot v2.1.4.RELEASE, Spring v5.1.6.RELEASE
2019-05-16 17:58:30,942 INFO org.springframework.boot.SpringApplication [restartedMain] No active profile set, falling back to default profiles: default
2019-05-16 17:58:32,953 INFO org.springframework.boot.StartupInfoLogger [restartedMain] Started ExerciseoneApplication in 2.043 seconds (JVM running for 1646.725)
2019-05-16 18:02:24,776 INFO org.springframework.boot.StartupInfoLogger [restartedMain] Starting ExerciseoneApplication on LIM-6RVTHM2 with PID 15996 (C:\Users\dgonzace\git\pruebaseveris\familydemo\target\classes started by dgonzace in C:\Users\dgonzace\git\pruebaseveris\familydemo)
2019-05-16 18:02:24,776 DEBUG org.springframework.boot.StartupInfoLogger [restartedMain] Running with Spring Boot v2.1.4.RELEASE, Spring v5.1.6.RELEASE
2019-05-16 18:02:24,776 INFO org.springframework.boot.SpringApplication [restartedMain] No active profile set, falling back to default profiles: default
2019-05-16 18:02:26,936 INFO org.springframework.boot.StartupInfoLogger [restartedMain] Started ExerciseoneApplication in 2.192 seconds (JVM running for 1880.703)
2019-05-16 18:02:48,237 INFO org.springframework.boot.StartupInfoLogger [restartedMain] Starting ExerciseoneApplication on LIM-6RVTHM2 with PID 15996 (C:\Users\dgonzace\git\pruebaseveris\familydemo\target\classes started by dgonzace in C:\Users\dgonzace\git\pruebaseveris\familydemo)
2019-05-16 18:02:48,237 DEBUG org.springframework.boot.StartupInfoLogger [restartedMain] Running with Spring Boot v2.1.4.RELEASE, Spring v5.1.6.RELEASE
2019-05-16 18:02:48,238 INFO org.springframework.boot.SpringApplication [restartedMain] No active profile set, falling back to default profiles: default
2019-05-16 18:02:50,199 INFO org.springframework.boot.StartupInfoLogger [restartedMain] Started ExerciseoneApplication in 2.004 seconds (JVM running for 1903.966)
2019-05-16 18:03:06,483 INFO org.springframework.boot.StartupInfoLogger [restartedMain] Starting ExerciseoneApplication on LIM-6RVTHM2 with PID 15996 (C:\Users\dgonzace\git\pruebaseveris\familydemo\target\classes started by dgonzace in C:\Users\dgonzace\git\pruebaseveris\familydemo)
2019-05-16 18:03:06,483 DEBUG org.springframework.boot.StartupInfoLogger [restartedMain] Running with Spring Boot v2.1.4.RELEASE, Spring v5.1.6.RELEASE
2019-05-16 18:03:06,484 INFO org.springframework.boot.SpringApplication [restartedMain] No active profile set, falling back to default profiles: default
2019-05-16 18:03:08,595 INFO org.springframework.boot.StartupInfoLogger [restartedMain] Started ExerciseoneApplication in 2.144 seconds (JVM running for 1922.361)
2019-05-16 18:06:12,703 INFO org.springframework.boot.StartupInfoLogger [restartedMain] Starting ExerciseoneApplication on LIM-6RVTHM2 with PID 15996 (C:\Users\dgonzace\git\pruebaseveris\familydemo\target\classes started by dgonzace in C:\Users\dgonzace\git\pruebaseveris\familydemo)
2019-05-16 18:06:12,704 DEBUG org.springframework.boot.StartupInfoLogger [restartedMain] Running with Spring Boot v2.1.4.RELEASE, Spring v5.1.6.RELEASE
2019-05-16 18:06:12,704 INFO org.springframework.boot.SpringApplication [restartedMain] No active profile set, falling back to default profiles: default
2019-05-16 18:06:15,172 INFO org.springframework.boot.StartupInfoLogger [restartedMain] Started ExerciseoneApplication in 2.52 seconds (JVM running for 2108.934)
2019-05-16 18:06:24,222 INFO org.springframework.boot.StartupInfoLogger [restartedMain] Starting ExerciseoneApplication on LIM-6RVTHM2 with PID 15996 (C:\Users\dgonzace\git\pruebaseveris\familydemo\target\classes started by dgonzace in C:\Users\dgonzace\git\pruebaseveris\familydemo)
2019-05-16 18:06:24,223 DEBUG org.springframework.boot.StartupInfoLogger [restartedMain] Running with Spring Boot v2.1.4.RELEASE, Spring v5.1.6.RELEASE
2019-05-16 18:06:24,223 INFO org.springframework.boot.SpringApplication [restartedMain] No active profile set, falling back to default profiles: default
2019-05-16 18:06:26,065 INFO org.springframework.boot.StartupInfoLogger [restartedMain] Started ExerciseoneApplication in 1.875 seconds (JVM running for 2119.828)
2019-05-16 18:07:12,853 INFO org.springframework.boot.StartupInfoLogger [restartedMain] Starting ExerciseoneApplication on LIM-6RVTHM2 with PID 15996 (C:\Users\dgonzace\git\pruebaseveris\familydemo\target\classes started by dgonzace in C:\Users\dgonzace\git\pruebaseveris\familydemo)
2019-05-16 18:07:12,854 DEBUG org.springframework.boot.StartupInfoLogger [restartedMain] Running with Spring Boot v2.1.4.RELEASE, Spring v5.1.6.RELEASE
2019-05-16 18:07:12,854 INFO org.springframework.boot.SpringApplication [restartedMain] No active profile set, falling back to default profiles: default
2019-05-16 18:07:15,417 INFO org.springframework.boot.StartupInfoLogger [restartedMain] Started ExerciseoneApplication in 2.593 seconds (JVM running for 2169.178)
2019-05-16 18:08:06,426 INFO org.springframework.boot.StartupInfoLogger [restartedMain] Starting ExerciseoneApplication on LIM-6RVTHM2 with PID 15996 (C:\Users\dgonzace\git\pruebaseveris\familydemo\target\classes started by dgonzace in C:\Users\dgonzace\git\pruebaseveris\familydemo)
2019-05-16 18:08:06,427 DEBUG org.springframework.boot.StartupInfoLogger [restartedMain] Running with Spring Boot v2.1.4.RELEASE, Spring v5.1.6.RELEASE
2019-05-16 18:08:06,427 INFO org.springframework.boot.SpringApplication [restartedMain] No active profile set, falling back to default profiles: default
2019-05-16 18:08:08,872 INFO org.springframework.boot.StartupInfoLogger [restartedMain] Started ExerciseoneApplication in 2.48 seconds (JVM running for 2222.632)
2019-05-16 18:08:37,529 INFO org.springframework.boot.StartupInfoLogger [restartedMain] Starting ExerciseoneApplication on LIM-6RVTHM2 with PID 15996 (C:\Users\dgonzace\git\pruebaseveris\familydemo\target\classes started by dgonzace in C:\Users\dgonzace\git\pruebaseveris\familydemo)
2019-05-16 18:08:37,529 DEBUG org.springframework.boot.StartupInfoLogger [restartedMain] Running with Spring Boot v2.1.4.RELEASE, Spring v5.1.6.RELEASE
2019-05-16 18:08:37,529 INFO org.springframework.boot.SpringApplication [restartedMain] No active profile set, falling back to default profiles: default
2019-05-16 18:08:40,596 INFO org.springframework.boot.StartupInfoLogger [restartedMain] Started ExerciseoneApplication in 3.1 seconds (JVM running for 2254.356)
2019-05-16 18:11:22,548 INFO org.springframework.boot.StartupInfoLogger [restartedMain] Starting ExerciseoneApplication on LIM-6RVTHM2 with PID 15996 (C:\Users\dgonzace\git\pruebaseveris\familydemo\target\classes started by dgonzace in C:\Users\dgonzace\git\pruebaseveris\familydemo)
2019-05-16 18:11:22,548 DEBUG org.springframework.boot.StartupInfoLogger [restartedMain] Running with Spring Boot v2.1.4.RELEASE, Spring v5.1.6.RELEASE
2019-05-16 18:11:22,549 INFO org.springframework.boot.SpringApplication [restartedMain] No active profile set, falling back to default profiles: default
2019-05-16 18:11:24,519 INFO org.springframework.boot.StartupInfoLogger [restartedMain] Started ExerciseoneApplication in 2.001 seconds (JVM running for 2418.276)
2019-05-16 18:12:18,579 INFO org.springframework.boot.StartupInfoLogger [restartedMain] Starting ExerciseoneApplication on LIM-6RVTHM2 with PID 15996 (C:\Users\dgonzace\git\pruebaseveris\familydemo\target\classes started by dgonzace in C:\Users\dgonzace\git\pruebaseveris\familydemo)
2019-05-16 18:12:18,579 DEBUG org.springframework.boot.StartupInfoLogger [restartedMain] Running with Spring Boot v2.1.4.RELEASE, Spring v5.1.6.RELEASE
2019-05-16 18:12:18,580 INFO org.springframework.boot.SpringApplication [restartedMain] No active profile set, falling back to default profiles: default
2019-05-16 18:12:20,632 INFO org.springframework.boot.StartupInfoLogger [restartedMain] Started ExerciseoneApplication in 2.083 seconds (JVM running for 2474.389)
2019-05-16 18:12:24,500 INFO org.springframework.boot.StartupInfoLogger [restartedMain] Starting ExerciseoneApplication on LIM-6RVTHM2 with PID 15996 (C:\Users\dgonzace\git\pruebaseveris\familydemo\target\classes started by dgonzace in C:\Users\dgonzace\git\pruebaseveris\familydemo)
2019-05-16 18:12:24,500 DEBUG org.springframework.boot.StartupInfoLogger [restartedMain] Running with Spring Boot v2.1.4.RELEASE, Spring v5.1.6.RELEASE
2019-05-16 18:12:24,500 INFO org.springframework.boot.SpringApplication [restartedMain] No active profile set, falling back to default profiles: default
2019-05-16 18:12:26,315 INFO org.springframework.boot.StartupInfoLogger [restartedMain] Started ExerciseoneApplication in 1.858 seconds (JVM running for 2480.071)
2019-05-16 18:12:42,671 INFO org.springframework.boot.StartupInfoLogger [restartedMain] Starting ExerciseoneApplication on LIM-6RVTHM2 with PID 15996 (C:\Users\dgonzace\git\pruebaseveris\familydemo\target\classes started by dgonzace in C:\Users\dgonzace\git\pruebaseveris\familydemo)
2019-05-16 18:12:42,672 DEBUG org.springframework.boot.StartupInfoLogger [restartedMain] Running with Spring Boot v2.1.4.RELEASE, Spring v5.1.6.RELEASE
2019-05-16 18:12:42,672 INFO org.springframework.boot.SpringApplication [restartedMain] No active profile set, falling back to default profiles: default
2019-05-16 18:12:45,348 INFO org.springframework.boot.StartupInfoLogger [restartedMain] Started ExerciseoneApplication in 2.709 seconds (JVM running for 2499.103)
2019-05-16 18:13:02,546 INFO org.springframework.boot.StartupInfoLogger [restartedMain] Starting ExerciseoneApplication on LIM-6RVTHM2 with PID 15996 (C:\Users\dgonzace\git\pruebaseveris\familydemo\target\classes started by dgonzace in C:\Users\dgonzace\git\pruebaseveris\familydemo)
2019-05-16 18:13:02,546 DEBUG org.springframework.boot.StartupInfoLogger [restartedMain] Running with Spring Boot v2.1.4.RELEASE, Spring v5.1.6.RELEASE
2019-05-16 18:13:02,546 INFO org.springframework.boot.SpringApplication [restartedMain] No active profile set, falling back to default profiles: default
2019-05-16 18:13:04,555 INFO org.springframework.boot.StartupInfoLogger [restartedMain] Started ExerciseoneApplication in 2.039 seconds (JVM running for 2518.311)
2019-05-16 18:17:46,960 INFO org.springframework.boot.StartupInfoLogger [restartedMain] Starting ExerciseoneApplication on LIM-6RVTHM2 with PID 15996 (C:\Users\dgonzace\git\pruebaseveris\familydemo\target\classes started by dgonzace in C:\Users\dgonzace\git\pruebaseveris\familydemo)
2019-05-16 18:17:46,960 DEBUG org.springframework.boot.StartupInfoLogger [restartedMain] Running with Spring Boot v2.1.4.RELEASE, Spring v5.1.6.RELEASE
2019-05-16 18:17:46,961 INFO org.springframework.boot.SpringApplication [restartedMain] No active profile set, falling back to default profiles: default
2019-05-16 18:17:49,025 INFO org.springframework.boot.StartupInfoLogger [restartedMain] Started ExerciseoneApplication in 2.095 seconds (JVM running for 2802.777)
2019-05-16 18:19:03,496 INFO org.springframework.boot.StartupInfoLogger [restartedMain] Starting ExerciseoneApplication on LIM-6RVTHM2 with PID 15996 (C:\Users\dgonzace\git\pruebaseveris\familydemo\target\classes started by dgonzace in C:\Users\dgonzace\git\pruebaseveris\familydemo)
2019-05-16 18:19:03,496 DEBUG org.springframework.boot.StartupInfoLogger [restartedMain] Running with Spring Boot v2.1.4.RELEASE, Spring v5.1.6.RELEASE
2019-05-16 18:19:03,497 INFO org.springframework.boot.SpringApplication [restartedMain] No active profile set, falling back to default profiles: default
2019-05-16 18:19:05,406 INFO org.springframework.boot.StartupInfoLogger [restartedMain] Started ExerciseoneApplication in 1.939 seconds (JVM running for 2879.156)
2019-05-16 18:20:36,103 INFO org.springframework.boot.StartupInfoLogger [restartedMain] Starting ExerciseoneApplication on LIM-6RVTHM2 with PID 15996 (C:\Users\dgonzace\git\pruebaseveris\familydemo\target\classes started by dgonzace in C:\Users\dgonzace\git\pruebaseveris\familydemo)
2019-05-16 18:20:36,103 DEBUG org.springframework.boot.StartupInfoLogger [restartedMain] Running with Spring Boot v2.1.4.RELEASE, Spring v5.1.6.RELEASE
2019-05-16 18:20:36,104 INFO org.springframework.boot.SpringApplication [restartedMain] No active profile set, falling back to default profiles: default
2019-05-16 18:20:38,259 INFO org.springframework.boot.StartupInfoLogger [restartedMain] Started ExerciseoneApplication in 2.183 seconds (JVM running for 2972.008)
2019-05-16 18:21:08,669 INFO org.springframework.boot.StartupInfoLogger [restartedMain] Starting ExerciseoneApplication on LIM-6RVTHM2 with PID 15996 (C:\Users\dgonzace\git\pruebaseveris\familydemo\target\classes started by dgonzace in C:\Users\dgonzace\git\pruebaseveris\familydemo)
2019-05-16 18:21:08,670 DEBUG org.springframework.boot.StartupInfoLogger [restartedMain] Running with Spring Boot v2.1.4.RELEASE, Spring v5.1.6.RELEASE
2019-05-16 18:21:08,670 INFO org.springframework.boot.SpringApplication [restartedMain] No active profile set, falling back to default profiles: default
2019-05-16 18:21:10,681 INFO org.springframework.boot.StartupInfoLogger [restartedMain] Started ExerciseoneApplication in 2.046 seconds (JVM running for 3004.43)
2019-05-16 18:23:17,323 INFO org.springframework.boot.StartupInfoLogger [restartedMain] Starting ExerciseoneApplication on LIM-6RVTHM2 with PID 15996 (C:\Users\dgonzace\git\pruebaseveris\familydemo\target\classes started by dgonzace in C:\Users\dgonzace\git\pruebaseveris\familydemo)
2019-05-16 18:23:17,323 DEBUG org.springframework.boot.StartupInfoLogger [restartedMain] Running with Spring Boot v2.1.4.RELEASE, Spring v5.1.6.RELEASE
2019-05-16 18:23:17,324 INFO org.springframework.boot.SpringApplication [restartedMain] No active profile set, falling back to default profiles: default
2019-05-16 18:23:19,392 INFO org.springframework.boot.StartupInfoLogger [restartedMain] Started ExerciseoneApplication in 2.097 seconds (JVM running for 3133.139)
2019-05-16 18:26:17,855 INFO org.springframework.boot.StartupInfoLogger [restartedMain] Starting ExerciseoneApplication on LIM-6RVTHM2 with PID 15996 (C:\Users\dgonzace\git\pruebaseveris\familydemo\target\classes started by dgonzace in C:\Users\dgonzace\git\pruebaseveris\familydemo)
2019-05-16 18:26:17,855 DEBUG org.springframework.boot.StartupInfoLogger [restartedMain] Running with Spring Boot v2.1.4.RELEASE, Spring v5.1.6.RELEASE
2019-05-16 18:26:17,856 INFO org.springframework.boot.SpringApplication [restartedMain] No active profile set, falling back to default profiles: default
2019-05-16 18:26:20,137 INFO org.springframework.boot.StartupInfoLogger [restartedMain] Started ExerciseoneApplication in 2.31 seconds (JVM running for 3313.883)
2019-05-16 18:26:22,025 INFO org.springframework.boot.StartupInfoLogger [restartedMain] Starting ExerciseoneApplication on LIM-6RVTHM2 with PID 15996 (C:\Users\dgonzace\git\pruebaseveris\familydemo\target\classes started by dgonzace in C:\Users\dgonzace\git\pruebaseveris\familydemo)
2019-05-16 18:26:22,025 DEBUG org.springframework.boot.StartupInfoLogger [restartedMain] Running with Spring Boot v2.1.4.RELEASE, Spring v5.1.6.RELEASE
2019-05-16 18:26:22,026 INFO org.springframework.boot.SpringApplication [restartedMain] No active profile set, falling back to default profiles: default
2019-05-16 18:26:24,641 INFO org.springframework.boot.StartupInfoLogger [restartedMain] Started ExerciseoneApplication in 2.652 seconds (JVM running for 3318.387)
2019-05-16 18:26:51,129 INFO org.springframework.boot.StartupInfoLogger [restartedMain] Starting ExerciseoneApplication on LIM-6RVTHM2 with PID 15996 (C:\Users\dgonzace\git\pruebaseveris\familydemo\target\classes started by dgonzace in C:\Users\dgonzace\git\pruebaseveris\familydemo)
2019-05-16 18:26:51,129 DEBUG org.springframework.boot.StartupInfoLogger [restartedMain] Running with Spring Boot v2.1.4.RELEASE, Spring v5.1.6.RELEASE
2019-05-16 18:26:51,130 INFO org.springframework.boot.SpringApplication [restartedMain] No active profile set, falling back to default profiles: default
2019-05-16 18:26:53,153 INFO org.springframework.boot.StartupInfoLogger [restartedMain] Started ExerciseoneApplication in 2.052 seconds (JVM running for 3346.899)
2019-05-16 18:27:25,991 INFO org.springframework.boot.StartupInfoLogger [restartedMain] Starting ExerciseoneApplication on LIM-6RVTHM2 with PID 15996 (C:\Users\dgonzace\git\pruebaseveris\familydemo\target\classes started by dgonzace in C:\Users\dgonzace\git\pruebaseveris\familydemo)
2019-05-16 18:27:25,991 DEBUG org.springframework.boot.StartupInfoLogger [restartedMain] Running with Spring Boot v2.1.4.RELEASE, Spring v5.1.6.RELEASE
2019-05-16 18:27:25,991 INFO org.springframework.boot.SpringApplication [restartedMain] No active profile set, falling back to default profiles: default
2019-05-16 18:27:27,998 INFO org.springframework.boot.StartupInfoLogger [restartedMain] Started ExerciseoneApplication in 2.035 seconds (JVM running for 3381.742)
2019-05-16 18:28:04,584 INFO org.springframework.boot.StartupInfoLogger [restartedMain] Starting ExerciseoneApplication on LIM-6RVTHM2 with PID 15996 (C:\Users\dgonzace\git\pruebaseveris\familydemo\target\classes started by dgonzace in C:\Users\dgonzace\git\pruebaseveris\familydemo)
2019-05-16 18:28:04,585 DEBUG org.springframework.boot.StartupInfoLogger [restartedMain] Running with Spring Boot v2.1.4.RELEASE, Spring v5.1.6.RELEASE
2019-05-16 18:28:04,585 INFO org.springframework.boot.SpringApplication [restartedMain] No active profile set, falling back to default profiles: default
2019-05-16 18:28:07,288 INFO org.springframework.boot.StartupInfoLogger [restartedMain] Started ExerciseoneApplication in 2.734 seconds (JVM running for 3421.033)
2019-05-16 18:28:14,280 INFO org.springframework.boot.StartupInfoLogger [restartedMain] Starting ExerciseoneApplication on LIM-6RVTHM2 with PID 15996 (C:\Users\dgonzace\git\pruebaseveris\familydemo\target\classes started by dgonzace in C:\Users\dgonzace\git\pruebaseveris\familydemo)
2019-05-16 18:28:14,281 DEBUG org.springframework.boot.StartupInfoLogger [restartedMain] Running with Spring Boot v2.1.4.RELEASE, Spring v5.1.6.RELEASE
2019-05-16 18:28:14,281 INFO org.springframework.boot.SpringApplication [restartedMain] No active profile set, falling back to default profiles: default
2019-05-16 18:28:16,479 INFO org.springframework.boot.StartupInfoLogger [restartedMain] Started ExerciseoneApplication in 2.234 seconds (JVM running for 3430.224)
2019-05-16 18:30:58,094 INFO org.springframework.boot.StartupInfoLogger [restartedMain] Starting ExerciseoneApplication on LIM-6RVTHM2 with PID 15996 (C:\Users\dgonzace\git\pruebaseveris\familydemo\target\classes started by dgonzace in C:\Users\dgonzace\git\pruebaseveris\familydemo)
2019-05-16 18:30:58,094 DEBUG org.springframework.boot.StartupInfoLogger [restartedMain] Running with Spring Boot v2.1.4.RELEASE, Spring v5.1.6.RELEASE
2019-05-16 18:30:58,095 INFO org.springframework.boot.SpringApplication [restartedMain] No active profile set, falling back to default profiles: default
2019-05-16 18:30:59,988 INFO org.springframework.boot.StartupInfoLogger [restartedMain] Started ExerciseoneApplication in 1.932 seconds (JVM running for 3593.731)
2019-05-16 18:31:29,882 INFO org.springframework.boot.StartupInfoLogger [restartedMain] Starting ExerciseoneApplication on LIM-6RVTHM2 with PID 15996 (C:\Users\dgonzace\git\pruebaseveris\familydemo\target\classes started by dgonzace in C:\Users\dgonzace\git\pruebaseveris\familydemo)
2019-05-16 18:31:29,882 DEBUG org.springframework.boot.StartupInfoLogger [restartedMain] Running with Spring Boot v2.1.4.RELEASE, Spring v5.1.6.RELEASE
2019-05-16 18:31:29,883 INFO org.springframework.boot.SpringApplication [restartedMain] No active profile set, falling back to default profiles: default
2019-05-16 18:31:31,881 INFO org.springframework.boot.StartupInfoLogger [restartedMain] Started ExerciseoneApplication in 2.028 seconds (JVM running for 3625.624)
2019-05-16 18:31:48,203 INFO org.springframework.boot.StartupInfoLogger [restartedMain] Starting ExerciseoneApplication on LIM-6RVTHM2 with PID 15996 (C:\Users\dgonzace\git\pruebaseveris\familydemo\target\classes started by dgonzace in C:\Users\dgonzace\git\pruebaseveris\familydemo)
2019-05-16 18:31:48,203 DEBUG org.springframework.boot.StartupInfoLogger [restartedMain] Running with Spring Boot v2.1.4.RELEASE, Spring v5.1.6.RELEASE
2019-05-16 18:31:48,203 INFO org.springframework.boot.SpringApplication [restartedMain] No active profile set, falling back to default profiles: default
2019-05-16 18:31:50,120 INFO org.springframework.boot.StartupInfoLogger [restartedMain] Started ExerciseoneApplication in 1.947 seconds (JVM running for 3643.862)
2019-05-16 18:32:19,905 INFO org.springframework.boot.StartupInfoLogger [restartedMain] Starting ExerciseoneApplication on LIM-6RVTHM2 with PID 15996 (C:\Users\dgonzace\git\pruebaseveris\familydemo\target\classes started by dgonzace in C:\Users\dgonzace\git\pruebaseveris\familydemo)
2019-05-16 18:32:19,905 DEBUG org.springframework.boot.StartupInfoLogger [restartedMain] Running with Spring Boot v2.1.4.RELEASE, Spring v5.1.6.RELEASE
2019-05-16 18:32:19,906 INFO org.springframework.boot.SpringApplication [restartedMain] No active profile set, falling back to default profiles: default
2019-05-16 18:32:22,242 INFO org.springframework.boot.StartupInfoLogger [restartedMain] Started ExerciseoneApplication in 2.379 seconds (JVM running for 3675.984)
2019-05-16 18:33:03,960 INFO org.springframework.boot.StartupInfoLogger [restartedMain] Starting ExerciseoneApplication on LIM-6RVTHM2 with PID 15996 (C:\Users\dgonzace\git\pruebaseveris\familydemo\target\classes started by dgonzace in C:\Users\dgonzace\git\pruebaseveris\familydemo)
2019-05-16 18:33:03,961 DEBUG org.springframework.boot.StartupInfoLogger [restartedMain] Running with Spring Boot v2.1.4.RELEASE, Spring v5.1.6.RELEASE
2019-05-16 18:33:03,961 INFO org.springframework.boot.SpringApplication [restartedMain] No active profile set, falling back to default profiles: default
2019-05-16 18:33:06,690 INFO org.springframework.boot.StartupInfoLogger [restartedMain] Started ExerciseoneApplication in 2.759 seconds (JVM running for 3720.432)
2019-05-16 18:33:21,924 INFO org.springframework.boot.StartupInfoLogger [restartedMain] Starting ExerciseoneApplication on LIM-6RVTHM2 with PID 15996 (C:\Users\dgonzace\git\pruebaseveris\familydemo\target\classes started by dgonzace in C:\Users\dgonzace\git\pruebaseveris\familydemo)
2019-05-16 18:33:21,925 DEBUG org.springframework.boot.StartupInfoLogger [restartedMain] Running with Spring Boot v2.1.4.RELEASE, Spring v5.1.6.RELEASE
2019-05-16 18:33:21,925 INFO org.springframework.boot.SpringApplication [restartedMain] No active profile set, falling back to default profiles: default
2019-05-16 18:33:24,146 INFO org.springframework.boot.StartupInfoLogger [restartedMain] Started ExerciseoneApplication in 2.252 seconds (JVM running for 3737.888)
2019-05-16 18:33:39,330 INFO org.springframework.boot.StartupInfoLogger [restartedMain] Starting ExerciseoneApplication on LIM-6RVTHM2 with PID 15996 (C:\Users\dgonzace\git\pruebaseveris\familydemo\target\classes started by dgonzace in C:\Users\dgonzace\git\pruebaseveris\familydemo)
2019-05-16 18:33:39,330 DEBUG org.springframework.boot.StartupInfoLogger [restartedMain] Running with Spring Boot v2.1.4.RELEASE, Spring v5.1.6.RELEASE
2019-05-16 18:33:39,331 INFO org.springframework.boot.SpringApplication [restartedMain] No active profile set, falling back to default profiles: default
2019-05-16 18:33:41,269 INFO org.springframework.boot.StartupInfoLogger [restartedMain] Started ExerciseoneApplication in 1.966 seconds (JVM running for 3755.011)
2019-05-16 18:35:59,230 INFO org.springframework.boot.StartupInfoLogger [restartedMain] Starting ExerciseoneApplication on LIM-6RVTHM2 with PID 15996 (C:\Users\dgonzace\git\pruebaseveris\familydemo\target\classes started by dgonzace in C:\Users\dgonzace\git\pruebaseveris\familydemo)
2019-05-16 18:35:59,230 DEBUG org.springframework.boot.StartupInfoLogger [restartedMain] Running with Spring Boot v2.1.4.RELEASE, Spring v5.1.6.RELEASE
2019-05-16 18:35:59,231 INFO org.springframework.boot.SpringApplication [restartedMain] No active profile set, falling back to default profiles: default
2019-05-16 18:36:01,905 INFO org.springframework.boot.StartupInfoLogger [restartedMain] Started ExerciseoneApplication in 2.715 seconds (JVM running for 3895.646)
2019-05-16 18:36:11,987 INFO org.springframework.boot.StartupInfoLogger [restartedMain] Starting ExerciseoneApplication on LIM-6RVTHM2 with PID 15996 (C:\Users\dgonzace\git\pruebaseveris\familydemo\target\classes started by dgonzace in C:\Users\dgonzace\git\pruebaseveris\familydemo)
2019-05-16 18:36:11,988 DEBUG org.springframework.boot.StartupInfoLogger [restartedMain] Running with Spring Boot v2.1.4.RELEASE, Spring v5.1.6.RELEASE
2019-05-16 18:36:11,988 INFO org.springframework.boot.SpringApplication [restartedMain] No active profile set, falling back to default profiles: default
2019-05-16 18:36:14,622 INFO org.springframework.boot.StartupInfoLogger [restartedMain] Started ExerciseoneApplication in 2.663 seconds (JVM running for 3908.363)
2019-05-16 18:36:21,849 INFO org.springframework.boot.StartupInfoLogger [restartedMain] Starting ExerciseoneApplication on LIM-6RVTHM2 with PID 15996 (C:\Users\dgonzace\git\pruebaseveris\familydemo\target\classes started by dgonzace in C:\Users\dgonzace\git\pruebaseveris\familydemo)
2019-05-16 18:36:21,850 DEBUG org.springframework.boot.StartupInfoLogger [restartedMain] Running with Spring Boot v2.1.4.RELEASE, Spring v5.1.6.RELEASE
2019-05-16 18:36:21,850 INFO org.springframework.boot.SpringApplication [restartedMain] No active profile set, falling back to default profiles: default
2019-05-16 18:36:24,050 INFO org.springframework.boot.StartupInfoLogger [restartedMain] Started ExerciseoneApplication in 2.229 seconds (JVM running for 3917.791)
2019-05-16 18:36:38,267 INFO org.springframework.boot.StartupInfoLogger [restartedMain] Starting ExerciseoneApplication on LIM-6RVTHM2 with PID 15996 (C:\Users\dgonzace\git\pruebaseveris\familydemo\target\classes started by dgonzace in C:\Users\dgonzace\git\pruebaseveris\familydemo)
2019-05-16 18:36:38,267 DEBUG org.springframework.boot.StartupInfoLogger [restartedMain] Running with Spring Boot v2.1.4.RELEASE, Spring v5.1.6.RELEASE
2019-05-16 18:36:38,268 INFO org.springframework.boot.SpringApplication [restartedMain] No active profile set, falling back to default profiles: default
2019-05-16 18:36:40,340 INFO org.springframework.boot.StartupInfoLogger [restartedMain] Started ExerciseoneApplication in 2.102 seconds (JVM running for 3934.08)
2019-05-16 18:37:04,668 INFO org.springframework.boot.StartupInfoLogger [restartedMain] Starting ExerciseoneApplication on LIM-6RVTHM2 with PID 15996 (C:\Users\dgonzace\git\pruebaseveris\familydemo\target\classes started by dgonzace in C:\Users\dgonzace\git\pruebaseveris\familydemo)
2019-05-16 18:37:04,668 DEBUG org.springframework.boot.StartupInfoLogger [restartedMain] Running with Spring Boot v2.1.4.RELEASE, Spring v5.1.6.RELEASE
2019-05-16 18:37:04,668 INFO org.springframework.boot.SpringApplication [restartedMain] No active profile set, falling back to default profiles: default
2019-05-16 18:37:06,832 INFO org.springframework.boot.StartupInfoLogger [restartedMain] Started ExerciseoneApplication in 2.192 seconds (JVM running for 3960.572)
2019-05-16 18:37:31,119 INFO org.springframework.boot.StartupInfoLogger [restartedMain] Starting ExerciseoneApplication on LIM-6RVTHM2 with PID 15996 (C:\Users\dgonzace\git\pruebaseveris\familydemo\target\classes started by dgonzace in C:\Users\dgonzace\git\pruebaseveris\familydemo)
2019-05-16 18:37:31,119 DEBUG org.springframework.boot.StartupInfoLogger [restartedMain] Running with Spring Boot v2.1.4.RELEASE, Spring v5.1.6.RELEASE
2019-05-16 18:37:31,120 INFO org.springframework.boot.SpringApplication [restartedMain] No active profile set, falling back to default profiles: default
2019-05-16 18:37:33,183 INFO org.springframework.boot.StartupInfoLogger [restartedMain] Started ExerciseoneApplication in 2.093 seconds (JVM running for 3986.923)
2019-05-16 18:37:56,204 INFO org.springframework.boot.StartupInfoLogger [restartedMain] Starting ExerciseoneApplication on LIM-6RVTHM2 with PID 15996 (C:\Users\dgonzace\git\pruebaseveris\familydemo\target\classes started by dgonzace in C:\Users\dgonzace\git\pruebaseveris\familydemo)
2019-05-16 18:37:56,205 DEBUG org.springframework.boot.StartupInfoLogger [restartedMain] Running with Spring Boot v2.1.4.RELEASE, Spring v5.1.6.RELEASE
2019-05-16 18:37:56,205 INFO org.springframework.boot.SpringApplication [restartedMain] No active profile set, falling back to default profiles: default
2019-05-16 18:37:58,885 INFO org.springframework.boot.StartupInfoLogger [restartedMain] Started ExerciseoneApplication in 2.728 seconds (JVM running for 4012.625)
2019-05-16 18:38:11,252 INFO org.springframework.boot.StartupInfoLogger [restartedMain] Starting ExerciseoneApplication on LIM-6RVTHM2 with PID 15996 (C:\Users\dgonzace\git\pruebaseveris\familydemo\target\classes started by dgonzace in C:\Users\dgonzace\git\pruebaseveris\familydemo)
2019-05-16 18:38:11,252 DEBUG org.springframework.boot.StartupInfoLogger [restartedMain] Running with Spring Boot v2.1.4.RELEASE, Spring v5.1.6.RELEASE
2019-05-16 18:38:11,253 INFO org.springframework.boot.SpringApplication [restartedMain] No active profile set, falling back to default profiles: default
2019-05-16 18:38:13,707 INFO org.springframework.boot.StartupInfoLogger [restartedMain] Started ExerciseoneApplication in 2.511 seconds (JVM running for 4027.446)
2019-05-16 18:38:35,017 INFO org.springframework.boot.StartupInfoLogger [restartedMain] Starting ExerciseoneApplication on LIM-6RVTHM2 with PID 15996 (C:\Users\dgonzace\git\pruebaseveris\familydemo\target\classes started by dgonzace in C:\Users\dgonzace\git\pruebaseveris\familydemo)
2019-05-16 18:38:35,017 DEBUG org.springframework.boot.StartupInfoLogger [restartedMain] Running with Spring Boot v2.1.4.RELEASE, Spring v5.1.6.RELEASE
2019-05-16 18:38:35,018 INFO org.springframework.boot.SpringApplication [restartedMain] No active profile set, falling back to default profiles: default
2019-05-16 18:38:37,365 INFO org.springframework.boot.StartupInfoLogger [restartedMain] Started ExerciseoneApplication in 2.376 seconds (JVM running for 4051.104)
2019-05-16 18:38:45,363 INFO org.springframework.boot.StartupInfoLogger [restartedMain] Starting ExerciseoneApplication on LIM-6RVTHM2 with PID 15996 (C:\Users\dgonzace\git\pruebaseveris\familydemo\target\classes started by dgonzace in C:\Users\dgonzace\git\pruebaseveris\familydemo)
2019-05-16 18:38:45,363 DEBUG org.springframework.boot.StartupInfoLogger [restartedMain] Running with Spring Boot v2.1.4.RELEASE, Spring v5.1.6.RELEASE
2019-05-16 18:38:45,363 INFO org.springframework.boot.SpringApplication [restartedMain] No active profile set, falling back to default profiles: default
2019-05-16 18:38:47,695 INFO org.springframework.boot.StartupInfoLogger [restartedMain] Started ExerciseoneApplication in 2.36 seconds (JVM running for 4061.434)
2019-05-16 18:39:21,954 INFO org.springframework.boot.StartupInfoLogger [restartedMain] Starting ExerciseoneApplication on LIM-6RVTHM2 with PID 15996 (C:\Users\dgonzace\git\pruebaseveris\familydemo\target\classes started by dgonzace in C:\Users\dgonzace\git\pruebaseveris\familydemo)
2019-05-16 18:39:21,954 DEBUG org.springframework.boot.StartupInfoLogger [restartedMain] Running with Spring Boot v2.1.4.RELEASE, Spring v5.1.6.RELEASE
2019-05-16 18:39:21,955 INFO org.springframework.boot.SpringApplication [restartedMain] No active profile set, falling back to default profiles: default
2019-05-16 18:39:24,098 INFO org.springframework.boot.StartupInfoLogger [restartedMain] Started ExerciseoneApplication in 2.169 seconds (JVM running for 4097.837)
2019-05-16 18:39:28,046 INFO org.springframework.boot.StartupInfoLogger [restartedMain] Starting ExerciseoneApplication on LIM-6RVTHM2 with PID 15996 (C:\Users\dgonzace\git\pruebaseveris\familydemo\target\classes started by dgonzace in C:\Users\dgonzace\git\pruebaseveris\familydemo)
2019-05-16 18:39:28,047 DEBUG org.springframework.boot.StartupInfoLogger [restartedMain] Running with Spring Boot v2.1.4.RELEASE, Spring v5.1.6.RELEASE
2019-05-16 18:39:28,047 INFO org.springframework.boot.SpringApplication [restartedMain] No active profile set, falling back to default profiles: default
2019-05-16 18:39:30,864 INFO org.springframework.boot.StartupInfoLogger [restartedMain] Started ExerciseoneApplication in 2.857 seconds (JVM running for 4104.604)
2019-05-16 18:39:32,736 INFO org.springframework.boot.StartupInfoLogger [restartedMain] Starting ExerciseoneApplication on LIM-6RVTHM2 with PID 15996 (C:\Users\dgonzace\git\pruebaseveris\familydemo\target\classes started by dgonzace in C:\Users\dgonzace\git\pruebaseveris\familydemo)
2019-05-16 18:39:32,737 DEBUG org.springframework.boot.StartupInfoLogger [restartedMain] Running with Spring Boot v2.1.4.RELEASE, Spring v5.1.6.RELEASE
2019-05-16 18:39:32,737 INFO org.springframework.boot.SpringApplication [restartedMain] No active profile set, falling back to default profiles: default
2019-05-16 18:39:34,647 INFO org.springframework.boot.StartupInfoLogger [restartedMain] Started ExerciseoneApplication in 1.95 seconds (JVM running for 4108.386)
2019-05-16 18:39:40,632 INFO org.springframework.boot.StartupInfoLogger [restartedMain] Starting ExerciseoneApplication on LIM-6RVTHM2 with PID 15996 (C:\Users\dgonzace\git\pruebaseveris\familydemo\target\classes started by dgonzace in C:\Users\dgonzace\git\pruebaseveris\familydemo)
2019-05-16 18:39:40,632 DEBUG org.springframework.boot.StartupInfoLogger [restartedMain] Running with Spring Boot v2.1.4.RELEASE, Spring v5.1.6.RELEASE
2019-05-16 18:39:40,633 INFO org.springframework.boot.SpringApplication [restartedMain] No active profile set, falling back to default profiles: default
2019-05-16 18:39:42,645 INFO org.springframework.boot.StartupInfoLogger [restartedMain] Started ExerciseoneApplication in 2.04 seconds (JVM running for 4116.384)
2019-05-16 18:40:44,938 INFO org.springframework.boot.StartupInfoLogger [restartedMain] Starting ExerciseoneApplication on LIM-6RVTHM2 with PID 15996 (C:\Users\dgonzace\git\pruebaseveris\familydemo\target\classes started by dgonzace in C:\Users\dgonzace\git\pruebaseveris\familydemo)
2019-05-16 18:40:44,938 DEBUG org.springframework.boot.StartupInfoLogger [restartedMain] Running with Spring Boot v2.1.4.RELEASE, Spring v5.1.6.RELEASE
2019-05-16 18:40:44,939 INFO org.springframework.boot.SpringApplication [restartedMain] No active profile set, falling back to default profiles: default
2019-05-16 18:40:47,640 INFO org.springframework.boot.StartupInfoLogger [restartedMain] Started ExerciseoneApplication in 2.735 seconds (JVM running for 4181.379)
2019-05-16 18:41:03,720 INFO org.springframework.boot.StartupInfoLogger [restartedMain] Starting ExerciseoneApplication on LIM-6RVTHM2 with PID 15996 (C:\Users\dgonzace\git\pruebaseveris\familydemo\target\classes started by dgonzace in C:\Users\dgonzace\git\pruebaseveris\familydemo)
2019-05-16 18:41:03,720 DEBUG org.springframework.boot.StartupInfoLogger [restartedMain] Running with Spring Boot v2.1.4.RELEASE, Spring v5.1.6.RELEASE
2019-05-16 18:41:03,721 INFO org.springframework.boot.SpringApplication [restartedMain] No active profile set, falling back to default profiles: default
2019-05-16 18:41:05,701 INFO org.springframework.boot.StartupInfoLogger [restartedMain] Started ExerciseoneApplication in 2.016 seconds (JVM running for 4199.44)
2019-05-16 18:41:18,779 INFO org.springframework.boot.StartupInfoLogger [restartedMain] Starting ExerciseoneApplication on LIM-6RVTHM2 with PID 15996 (C:\Users\dgonzace\git\pruebaseveris\familydemo\target\classes started by dgonzace in C:\Users\dgonzace\git\pruebaseveris\familydemo)
2019-05-16 18:41:18,779 DEBUG org.springframework.boot.StartupInfoLogger [restartedMain] Running with Spring Boot v2.1.4.RELEASE, Spring v5.1.6.RELEASE
2019-05-16 18:41:18,779 INFO org.springframework.boot.SpringApplication [restartedMain] No active profile set, falling back to default profiles: default
2019-05-16 18:41:20,763 INFO org.springframework.boot.StartupInfoLogger [restartedMain] Started ExerciseoneApplication in 2.011 seconds (JVM running for 4214.502)
2019-05-16 19:01:30,635 INFO org.springframework.boot.StartupInfoLogger [restartedMain] Starting ExerciseoneApplication on LIM-6RVTHM2 with PID 11252 (C:\Users\dgonzace\git\pruebaseveris\familydemo\target\classes started by dgonzace in C:\Users\dgonzace\git\pruebaseveris\familydemo)
2019-05-16 19:01:30,637 DEBUG org.springframework.boot.StartupInfoLogger [restartedMain] Running with Spring Boot v2.1.4.RELEASE, Spring v5.1.6.RELEASE
2019-05-16 19:01:30,638 INFO org.springframework.boot.SpringApplication [restartedMain] No active profile set, falling back to default profiles: default
2019-05-16 19:01:41,752 INFO org.springframework.boot.StartupInfoLogger [restartedMain] Started ExerciseoneApplication in 11.604 seconds (JVM running for 12.853)
2019-05-16 19:02:55,039 INFO org.springframework.boot.StartupInfoLogger [restartedMain] Starting ExerciseoneApplication on LIM-6RVTHM2 with PID 11252 (C:\Users\dgonzace\git\pruebaseveris\familydemo\target\classes started by dgonzace in C:\Users\dgonzace\git\pruebaseveris\familydemo)
2019-05-16 19:02:55,039 DEBUG org.springframework.boot.StartupInfoLogger [restartedMain] Running with Spring Boot v2.1.4.RELEASE, Spring v5.1.6.RELEASE
2019-05-16 19:02:55,040 INFO org.springframework.boot.SpringApplication [restartedMain] No active profile set, falling back to default profiles: default
2019-05-16 19:02:58,129 INFO org.springframework.boot.StartupInfoLogger [restartedMain] Started ExerciseoneApplication in 3.131 seconds (JVM running for 89.229)
